app/build/intermediates/manifest_merge_blame_file/debug/processDebugMainManifest/manifest-merger-blame-debug-report.txt
1<?xml version="1.0" encoding="utf-8"?>
2<manifest xmlns:android="http://schemas.android.com/apk/res/android"
3    package="com.openclaw.android"
4    android:versionCode="1"
5    android:versionName="1.0.0" >
6
7    <uses-sdk
8        android:minSdkVersion="24"
9        android:targetSdkVersion="34" />
10
11    <!-- Network permissions -->
12    <uses-permission android:name="android.permission.INTERNET" />
12-->src/main/AndroidManifest.xml:6:5-67
12-->src/main/AndroidManifest.xml:6:22-64
13    <uses-permission android:name="android.permission.ACCESS_NETWORK_STATE" />
13-->src/main/AndroidManifest.xml:7:5-79
13-->src/main/AndroidManifest.xml:7:22-76
14    <uses-permission android:name="android.permission.ACCESS_WIFI_STATE" />
14-->src/main/AndroidManifest.xml:8:5-76
14-->src/main/AndroidManifest.xml:8:22-73
15
16    <!-- WebSocket -->
17    <uses-permission android:name="android.permission.CHANGE_WIFI_MULTICAST_STATE" />
17-->src/main/AndroidManifest.xml:11:5-86
17-->src/main/AndroidManifest.xml:11:22-83
18
19    <!-- Camera -->
20    <uses-permission android:name="android.permission.CAMERA" />
20-->src/main/AndroidManifest.xml:14:5-65
20-->src/main/AndroidManifest.xml:14:22-62
21
22    <uses-feature
22-->src/main/AndroidManifest.xml:15:5-85
23        android:name="android.hardware.camera"
23-->src/main/AndroidManifest.xml:15:19-57
24        android:required="false" />
24-->src/main/AndroidManifest.xml:15:58-82
25    <uses-feature
25-->src/main/AndroidManifest.xml:16:5-95
26        android:name="android.hardware.camera.autofocus"
26-->src/main/AndroidManifest.xml:16:19-67
27        android:required="false" />
27-->src/main/AndroidManifest.xml:16:68-92
28
29    <!-- Audio -->
30    <uses-permission android:name="android.permission.RECORD_AUDIO" />
30-->src/main/AndroidManifest.xml:19:5-71
30-->src/main/AndroidManifest.xml:19:22-68
31    <uses-permission android:name="android.permission.MODIFY_AUDIO_SETTINGS" />
31-->src/main/AndroidManifest.xml:20:5-80
31-->src/main/AndroidManifest.xml:20:22-77
32
33    <!-- Location -->
34    <uses-permission android:name="android.permission.ACCESS_FINE_LOCATION" />
34-->src/main/AndroidManifest.xml:23:5-79
34-->src/main/AndroidManifest.xml:23:22-76
35    <uses-permission android:name="android.permission.ACCESS_COARSE_LOCATION" />
35-->src/main/AndroidManifest.xml:24:5-81
35-->src/main/AndroidManifest.xml:24:22-78
36
37    <!-- Storage -->
38    <uses-permission
38-->src/main/AndroidManifest.xml:27:5-107
39        android:name="android.permission.READ_EXTERNAL_STORAGE"
39-->src/main/AndroidManifest.xml:27:22-77
40        android:maxSdkVersion="32" />
40-->src/main/AndroidManifest.xml:27:78-104
41    <uses-permission
41-->src/main/AndroidManifest.xml:28:5-108
42        android:name="android.permission.WRITE_EXTERNAL_STORAGE"
42-->src/main/AndroidManifest.xml:28:22-78
43        android:maxSdkVersion="29" />
43-->src/main/AndroidManifest.xml:28:79-105
44    <uses-permission android:name="android.permission.READ_MEDIA_IMAGES" />
44-->src/main/AndroidManifest.xml:29:5-76
44-->src/main/AndroidManifest.xml:29:22-73
45    <uses-permission android:name="android.permission.READ_MEDIA_VIDEO" />
45-->src/main/AndroidManifest.xml:30:5-75
45-->src/main/AndroidManifest.xml:30:22-72
46    <uses-permission android:name="android.permission.READ_MEDIA_AUDIO" />
46-->src/main/AndroidManifest.xml:31:5-75
46-->src/main/AndroidManifest.xml:31:22-72
47
48    <!-- Notifications -->
49    <uses-permission android:name="android.permission.POST_NOTIFICATIONS" />
49-->src/main/AndroidManifest.xml:34:5-77
49-->src/main/AndroidManifest.xml:34:22-74
50    <uses-permission android:name="android.permission.VIBRATE" />
50-->src/main/AndroidManifest.xml:35:5-66
50-->src/main/AndroidManifest.xml:35:22-63
51
52    <!-- Screen recording -->
53    <uses-permission android:name="android.permission.FOREGROUND_SERVICE" />
53-->src/main/AndroidManifest.xml:38:5-77
53-->src/main/AndroidManifest.xml:38:22-74
54    <uses-permission android:name="android.permission.FOREGROUND_SERVICE_MEDIA_RECORDING" />
54-->src/main/AndroidManifest.xml:39:5-93
54-->src/main/AndroidManifest.xml:39:22-90
55
56    <!-- Wake lock for voice mode -->
57    <uses-permission android:name="android.permission.WAKE_LOCK" />
57-->src/main/AndroidManifest.xml:42:5-68
57-->src/main/AndroidManifest.xml:42:22-65
58
59    <permission
59-->[androidx.core:core:1.12.0] AndroidManifest.xml:22:5-24:47
60        android:name="com.openclaw.android.DYNAMIC_RECEIVER_NOT_EXPORTED_PERMISSION"
60-->[androidx.core:core:1.12.0] AndroidManifest.xml:23:9-81
61        android:protectionLevel="signature" />
61-->[androidx.core:core:1.12.0] AndroidManifest.xml:24:9-44
62
63    <uses-permission android:name="com.openclaw.android.DYNAMIC_RECEIVER_NOT_EXPORTED_PERMISSION" />
63-->[androidx.core:core:1.12.0] AndroidManifest.xml:26:5-97
63-->[androidx.core:core:1.12.0] AndroidManifest.xml:26:22-94
64
65    <application
65-->src/main/AndroidManifest.xml:44:5-78:19
66        android:name="com.openclaw.android.OpenClawApp"
66-->src/main/AndroidManifest.xml:45:9-36
67        android:allowBackup="true"
67-->src/main/AndroidManifest.xml:46:9-35
68        android:appComponentFactory="androidx.core.app.CoreComponentFactory"
68-->[androidx.core:core:1.12.0] AndroidManifest.xml:28:18-86
69        android:debuggable="true"
70        android:extractNativeLibs="false"
71        android:icon="@mipmap/ic_launcher"
71-->src/main/AndroidManifest.xml:47:9-43
72        android:label="@string/app_name"
72-->src/main/AndroidManifest.xml:48:9-41
73        android:roundIcon="@mipmap/ic_launcher_round"
73-->src/main/AndroidManifest.xml:49:9-54
74        android:supportsRtl="true"
74-->src/main/AndroidManifest.xml:50:9-35
75        android:theme="@style/Theme.OpenClaw"
75-->src/main/AndroidManifest.xml:51:9-46
76        android:usesCleartextTraffic="true" >
76-->src/main/AndroidManifest.xml:52:9-44
77        <activity
77-->src/main/AndroidManifest.xml:55:9-64:20
78            android:name="com.openclaw.android.ui.MainActivity"
78-->src/main/AndroidManifest.xml:56:13-44
79            android:exported="true"
79-->src/main/AndroidManifest.xml:57:13-36
80            android:theme="@style/Theme.OpenClaw"
80-->src/main/AndroidManifest.xml:58:13-50
81            android:windowSoftInputMode="adjustResize" >
81-->src/main/AndroidManifest.xml:59:13-55
82            <intent-filter>
82-->src/main/AndroidManifest.xml:60:13-63:29
83                <action android:name="android.intent.action.MAIN" />
83-->src/main/AndroidManifest.xml:61:17-69
83-->src/main/AndroidManifest.xml:61:25-66
84
85                <category android:name="android.intent.category.LAUNCHER" />
85-->src/main/AndroidManifest.xml:62:17-77
85-->src/main/AndroidManifest.xml:62:27-74
86            </intent-filter>
87        </activity>
88
89        <!-- Voice service -->
90        <service
90-->src/main/AndroidManifest.xml:67:9-70:40
91            android:name="com.openclaw.android.service.VoiceService"
91-->src/main/AndroidManifest.xml:68:13-49
92            android:exported="false"
92-->src/main/AndroidManifest.xml:70:13-37
93            android:foregroundServiceType="microphone" />
93-->src/main/AndroidManifest.xml:69:13-55
94
95        <!-- Screen capture service -->
96        <service
96-->src/main/AndroidManifest.xml:73:9-76:40
97            android:name="com.openclaw.android.service.ScreenCaptureService"
97-->src/main/AndroidManifest.xml:74:13-57
98            android:exported="false"
98-->src/main/AndroidManifest.xml:76:13-37
99            android:foregroundServiceType="mediaProjection" />
99-->src/main/AndroidManifest.xml:75:13-60
100
101        <activity
101-->[androidx.compose.ui:ui-tooling-android:1.6.1] AndroidManifest.xml:23:9-25:39
102            android:name="androidx.compose.ui.tooling.PreviewActivity"
102-->[androidx.compose.ui:ui-tooling-android:1.6.1] AndroidManifest.xml:24:13-71
103            android:exported="true" />
103-->[androidx.compose.ui:ui-tooling-android:1.6.1] AndroidManifest.xml:25:13-36
104        <activity
104-->[androidx.compose.ui:ui-test-manifest:1.6.1] AndroidManifest.xml:23:9-25:39
105            android:name="androidx.activity.ComponentActivity"
105-->[androidx.compose.ui:ui-test-manifest:1.6.1] AndroidManifest.xml:24:13-63
106            android:exported="true" />
106-->[androidx.compose.ui:ui-test-manifest:1.6.1] AndroidManifest.xml:25:13-36
107
108        <provider
108-->[androidx.emoji2:emoji2:1.3.0] AndroidManifest.xml:24:9-32:20
109            android:name="androidx.startup.InitializationProvider"
109-->[androidx.emoji2:emoji2:1.3.0] AndroidManifest.xml:25:13-67
110            android:authorities="com.openclaw.android.androidx-startup"
110-->[androidx.emoji2:emoji2:1.3.0] AndroidManifest.xml:26:13-68
111            android:exported="false" >
111-->[androidx.emoji2:emoji2:1.3.0] AndroidManifest.xml:27:13-37
112            <meta-data
112-->[androidx.emoji2:emoji2:1.3.0] AndroidManifest.xml:29:13-31:52
113                android:name="androidx.emoji2.text.EmojiCompatInitializer"
113-->[androidx.emoji2:emoji2:1.3.0] AndroidManifest.xml:30:17-75
114                android:value="androidx.startup" />
114-->[androidx.emoji2:emoji2:1.3.0] AndroidManifest.xml:31:17-49
115            <meta-data
115-->[androidx.lifecycle:lifecycle-process:2.7.0] AndroidManifest.xml:29:13-31:52
116                android:name="androidx.lifecycle.ProcessLifecycleInitializer"
116-->[androidx.lifecycle:lifecycle-process:2.7.0] AndroidManifest.xml:30:17-78
117                android:value="androidx.startup" />
117-->[androidx.lifecycle:lifecycle-process:2.7.0] AndroidManifest.xml:31:17-49
118            <meta-data
118-->[androidx.profileinstaller:profileinstaller:1.3.0] AndroidManifest.xml:29:13-31:52
119                android:name="androidx.profileinstaller.ProfileInstallerInitializer"
119-->[androidx.profileinstaller:profileinstaller:1.3.0] AndroidManifest.xml:30:17-85
120                android:value="androidx.startup" />
120-->[androidx.profileinstaller:profileinstaller:1.3.0] AndroidManifest.xml:31:17-49
121        </provider>
122
123        <receiver
123-->[androidx.profileinstaller:profileinstaller:1.3.0] AndroidManifest.xml:34:9-52:20
124            android:name="androidx.profileinstaller.ProfileInstallReceiver"
124-->[androidx.profileinstaller:profileinstaller:1.3.0] AndroidManifest.xml:35:13-76
125            android:directBootAware="false"
125-->[androidx.profileinstaller:profileinstaller:1.3.0] AndroidManifest.xml:36:13-44
126            android:enabled="true"
126-->[androidx.profileinstaller:profileinstaller:1.3.0] AndroidManifest.xml:37:13-35
127            android:exported="true"
127-->[androidx.profileinstaller:profileinstaller:1.3.0] AndroidManifest.xml:38:13-36
128            android:permission="android.permission.DUMP" >
128-->[androidx.profileinstaller:profileinstaller:1.3.0] AndroidManifest.xml:39:13-57
129            <intent-filter>
129-->[androidx.profileinstaller:profileinstaller:1.3.0] AndroidManifest.xml:40:13-42:29
130                <action android:name="androidx.profileinstaller.action.INSTALL_PROFILE" />
130-->[androidx.profileinstaller:profileinstaller:1.3.0] AndroidManifest.xml:41:17-91
130-->[androidx.profileinstaller:profileinstaller:1.3.0] AndroidManifest.xml:41:25-88
131            </intent-filter>
132            <intent-filter>
132-->[androidx.profileinstaller:profileinstaller:1.3.0] AndroidManifest.xml:43:13-45:29
133                <action android:name="androidx.profileinstaller.action.SKIP_FILE" />
133-->[androidx.profileinstaller:profileinstaller:1.3.0] AndroidManifest.xml:44:17-85
133-->[androidx.profileinstaller:profileinstaller:1.3.0] AndroidManifest.xml:44:25-82
134            </intent-filter>
135            <intent-filter>
135-->[androidx.profileinstaller:profileinstaller:1.3.0] AndroidManifest.xml:46:13-48:29
136                <action android:name="androidx.profileinstaller.action.SAVE_PROFILE" />
136-->[androidx.profileinstaller:profileinstaller:1.3.0] AndroidManifest.xml:47:17-88
136-->[androidx.profileinstaller:profileinstaller:1.3.0] AndroidManifest.xml:47:25-85
137            </intent-filter>
138            <intent-filter>
138-->[androidx.profileinstaller:profileinstaller:1.3.0] AndroidManifest.xml:49:13-51:29
139                <action android:name="androidx.profileinstaller.action.BENCHMARK_OPERATION" />
139-->[androidx.profileinstaller:profileinstaller:1.3.0] AndroidManifest.xml:50:17-95
139-->[androidx.profileinstaller:profileinstaller:1.3.0] AndroidManifest.xml:50:25-92
140            </intent-filter>
141        </receiver>
142    </application>
143
144</manifest>